#
# There is insufficient memory for the Java Runtime Environment to continue.
# Native memory allocation (mmap) failed to map 31457280 bytes. Error detail: G1 virtual space
# Possible reasons:
#   The system is out of physical RAM or swap space
#   This process is running with CompressedOops enabled, and the Java Heap may be blocking the growth of the native heap
# Possible solutions:
#   Reduce memory load on the system
#   Increase physical memory or swap space
#   Check if swap backing store is full
#   Decrease Java heap size (-Xmx/-Xms)
#   Decrease number of Java threads
#   Decrease Java thread stack sizes (-Xss)
#   Set larger code cache with -XX:ReservedCodeCacheSize=
#   JVM is running with Zero Based Compressed Oops mode in which the Java heap is
#     placed in the first 32GB address space. The Java Heap base address is the
#     maximum limit for the native heap growth. Please use -XX:HeapBaseMinAddress
#     to set the Java Heap base and to place the Java Heap above 32GB virtual address.
# This output file may be truncated or incomplete.
#
#  Out of Memory Error (os_windows.cpp:3925), pid=2992, tid=13068
#
# JRE version: OpenJDK Runtime Environment (21.0.8) (build 21.0.8+-14196175-b1038.72)
# Java VM: OpenJDK 64-Bit Server VM (21.0.8+-14196175-b1038.72, mixed mode, tiered, compressed oops, compressed class ptrs, g1 gc, windows-amd64)
# No core dump will be written. Minidumps are not enabled by default on client versions of Windows
#

---------------  S U M M A R Y ------------

Command Line: org.jetbrains.kotlin.cli.jvm.K2JVMCompiler @D:\MAD\home\app\build\20260427_14270021937343557529.compiler.options

Host: 11th Gen Intel(R) Core(TM) i7-1185G7 @ 3.00GHz, 8 cores, 15G,  Windows 11 , 64 bit Build 26100 (10.0.26100.8246)
Time: Mon Apr 27 21:51:49 2026 Bangladesh Standard Time elapsed time: 30.779078 seconds (0d 0h 0m 30s)

---------------  T H R E A D  ---------------

Current thread (0x000001faf9744bf0):  VMThread "VM Thread"          [id=13068, stack(0x0000007fa2c00000,0x0000007fa2d00000) (1024K)]

Stack: [0x0000007fa2c00000,0x0000007fa2d00000]
Native frames: (J=compiled Java code, j=interpreted, Vv=VM code, C=native code)
V  [jvm.dll+0x6d68d9]
V  [jvm.dll+0x866693]
V  [jvm.dll+0x868c4e]
V  [jvm.dll+0x869333]
V  [jvm.dll+0x280566]
V  [jvm.dll+0x6d3195]
V  [jvm.dll+0x6c69ea]
V  [jvm.dll+0x3586db]
V  [jvm.dll+0x360336]
V  [jvm.dll+0x3b23f6]
V  [jvm.dll+0x3b26c8]
V  [jvm.dll+0x32ae6c]
V  [jvm.dll+0x32d806]
V  [jvm.dll+0x3376dd]
V  [jvm.dll+0x36ee15]
V  [jvm.dll+0x86f0b8]
V  [jvm.dll+0x870434]
V  [jvm.dll+0x870970]
V  [jvm.dll+0x870c03]
V  [jvm.dll+0x80eac8]
V  [jvm.dll+0x6d512d]
C  [ucrtbase.dll+0x37b0]
C  [KERNEL32.DLL+0x2e8d7]
C  [ntdll.dll+0x8c3fc]

VM_Operation (0x0000007fa27ffa60): G1PauseRemark, mode: safepoint, requested by thread 0x000001fadfa0f050


---------------  P R O C E S S  ---------------

Threads class SMR info:
_java_thread_list=0x000001fa898a3bb0, length=13, elements={
0x000001fadf999820, 0x000001faf9783970, 0x000001faf9793540, 0x000001faf9788b90,
0x000001faf97a15e0, 0x000001faf97a3050, 0x000001faf97a4750, 0x000001faf97ba1f0,
0x000001faf97a9550, 0x000001faf97c2870, 0x000001faf9966960, 0x000001fa83b38530,
0x000001faf97bff90
}

Java Threads: ( => current thread )
  0x000001fadf999820 JavaThread "main"                              [_thread_blocked, id=13904, stack(0x0000007fa2500000,0x0000007fa2600000) (1024K)]
  0x000001faf9783970 JavaThread "Common-Cleaner"             daemon [_thread_blocked, id=8048, stack(0x0000007fa2d00000,0x0000007fa2e00000) (1024K)]
  0x000001faf9793540 JavaThread "Reference Handler"          daemon [_thread_blocked, id=4068, stack(0x0000007fa2e00000,0x0000007fa2f00000) (1024K)]
  0x000001faf9788b90 JavaThread "Finalizer"                  daemon [_thread_blocked, id=12136, stack(0x0000007fa2f00000,0x0000007fa3000000) (1024K)]
  0x000001faf97a15e0 JavaThread "Signal Dispatcher"          daemon [_thread_blocked, id=6076, stack(0x0000007fa3000000,0x0000007fa3100000) (1024K)]
  0x000001faf97a3050 JavaThread "Attach Listener"            daemon [_thread_blocked, id=13884, stack(0x0000007fa3100000,0x0000007fa3200000) (1024K)]
  0x000001faf97a4750 JavaThread "Service Thread"             daemon [_thread_blocked, id=9212, stack(0x0000007fa3200000,0x0000007fa3300000) (1024K)]
  0x000001faf97ba1f0 JavaThread "Monitor Deflation Thread"   daemon [_thread_blocked, id=11084, stack(0x0000007fa3300000,0x0000007fa3400000) (1024K)]
  0x000001faf97a9550 JavaThread "C2 CompilerThread0"         daemon [_thread_blocked, id=15024, stack(0x0000007fa3400000,0x0000007fa3500000) (1024K)]
  0x000001faf97c2870 JavaThread "C1 CompilerThread0"         daemon [_thread_blocked, id=7236, stack(0x0000007fa3500000,0x0000007fa3600000) (1024K)]
  0x000001faf9966960 JavaThread "Notification Thread"        daemon [_thread_blocked, id=12800, stack(0x0000007fa3600000,0x0000007fa3700000) (1024K)]
  0x000001fa83b38530 JavaThread "C2 CompilerThread1"         daemon [_thread_blocked, id=13528, stack(0x0000007fa3f00000,0x0000007fa4000000) (1024K)]
  0x000001faf97bff90 JavaThread "C2 CompilerThread2"         daemon [_thread_blocked, id=5544, stack(0x0000007fa4000000,0x0000007fa4100000) (1024K)]
Total: 13

Other Threads:
=>0x000001faf9744bf0 VMThread "VM Thread"                           [id=13068, stack(0x0000007fa2c00000,0x0000007fa2d00000) (1024K)]
  0x000001faf9245970 WatcherThread "VM Periodic Task Thread"        [id=9008, stack(0x0000007fa2b00000,0x0000007fa2c00000) (1024K)]
  0x000001fadf9fbdc0 WorkerThread "GC Thread#0"                     [id=14572, stack(0x0000007fa2600000,0x0000007fa2700000) (1024K)]
  0x000001fafe662940 WorkerThread "GC Thread#1"                     [id=4764, stack(0x0000007fa3800000,0x0000007fa3900000) (1024K)]
  0x000001fafe6b04d0 WorkerThread "GC Thread#2"                     [id=13664, stack(0x0000007fa3900000,0x0000007fa3a00000) (1024K)]
  0x000001fafe6b0870 WorkerThread "GC Thread#3"                     [id=12220, stack(0x0000007fa3a00000,0x0000007fa3b00000) (1024K)]
  0x000001fafe6b0c10 WorkerThread "GC Thread#4"                     [id=12540, stack(0x0000007fa3b00000,0x0000007fa3c00000) (1024K)]
  0x000001fafe6d8010 WorkerThread "GC Thread#5"                     [id=9544, stack(0x0000007fa3c00000,0x0000007fa3d00000) (1024K)]
  0x000001fafe7ccee0 WorkerThread "GC Thread#6"                     [id=5104, stack(0x0000007fa3700000,0x0000007fa3800000) (1024K)]
  0x000001fafe7cbcc0 WorkerThread "GC Thread#7"                     [id=3928, stack(0x0000007fa3d00000,0x0000007fa3e00000) (1024K)]
  0x000001fadfa0f050 ConcurrentGCThread "G1 Main Marker"            [id=7792, stack(0x0000007fa2700000,0x0000007fa2800000) (1024K)]
  0x000001fadfa10910 WorkerThread "G1 Conc#0"                       [id=4516, stack(0x0000007fa2800000,0x0000007fa2900000) (1024K)]
  0x000001fafe7cd280 WorkerThread "G1 Conc#1"                       [id=8584, stack(0x0000007fa3e00000,0x0000007fa3f00000) (1024K)]
  0x000001faf9112440 ConcurrentGCThread "G1 Refine#0"               [id=8224, stack(0x0000007fa2900000,0x0000007fa2a00000) (1024K)]
  0x000001faf9113c70 ConcurrentGCThread "G1 Service"                [id=7728, stack(0x0000007fa2a00000,0x0000007fa2b00000) (1024K)]
Total: 15

Threads with active compile tasks:
C2 CompilerThread0  30805 19699       4       org.jetbrains.kotlin.codegen.optimization.fixStack.FixStackAnalyzer$FixStackFrame::init (43 bytes)
C1 CompilerThread0  30805 19738       3       org.jetbrains.kotlin.codegen.optimization.common.OptimizationBasicInterpreter::newOperation (461 bytes)
C2 CompilerThread1  30805 19717       4       org.jetbrains.kotlin.codegen.optimization.common.FastAnalyzer::analyzeInstruction (291 bytes)
C2 CompilerThread2  30805 19715   !   4       org.jetbrains.kotlin.codegen.optimization.common.FastAnalyzer::analyzeMainLoop (350 bytes)
Total: 4

VM state: at safepoint (normal execution)

VM Mutex/Monitor currently owned by a thread:  ([mutex/lock_event])
[0x00007ffb928585b8] Threads_lock - owner thread: 0x000001faf9744bf0
[0x00007ffb928586b8] Heap_lock - owner thread: 0x000001fadfa0f050

Heap address: 0x0000000709a00000, size: 3942 MB, Compressed Oops mode: Zero based, Oop shift amount: 3

CDS archive(s) not mapped
Compressed class space mapped at: 0x0000000800000000-0x0000000840000000, reserved size: 1073741824
Narrow klass base: 0x0000000800000000, Narrow klass shift: 0, Narrow klass range: 0x40000000

GC Precious Log:
 CardTable entry size: 512
 Card Set container configuration: InlinePtr #cards 4 size 8 Array Of Cards #cards 16 size 48 Howl #buckets 8 coarsen threshold 3686 Howl Bitmap #cards 512 size 80 coarsen threshold 460 Card regions per heap region 1 cards per card region 4096
 CPUs: 8 total, 8 available
 Memory: 15761M
 Large Page Support: Disabled
 NUMA Support: Disabled
 Compressed Oops: Enabled (Zero based)
 Heap Region Size: 2M
 Heap Min Capacity: 8M
 Heap Initial Capacity: 248M
 Heap Max Capacity: 3942M
 Pre-touch: Disabled
 Parallel Workers: 8
 Concurrent Workers: 2
 Concurrent Refinement Workers: 8
 Periodic GC: Disabled

Heap:
 garbage-first heap   total 348160K, used 236803K [0x0000000709a00000, 0x0000000800000000)
  region size 2048K, 13 young (26624K), 7 survivors (14336K)
 Metaspace       used 91666K, committed 92096K, reserved 1179648K
  class space    used 9547K, committed 9728K, reserved 1048576K

Heap Regions: E=young(eden), S=young(survivor), O=old, HS=humongous(starts), HC=humongous(continues), CS=collection set, F=free, TAMS=top-at-mark-start, PB=parsable bottom
|   0|0x0000000709a00000, 0x0000000709c00000, 0x0000000709c00000|100%|HS|  |TAMS 0x0000000709c00000| PB 0x0000000709a00000| Complete 
|   1|0x0000000709c00000, 0x0000000709e00000, 0x0000000709e00000|100%|HC|  |TAMS 0x0000000709e00000| PB 0x0000000709c00000| Complete 
|   2|0x0000000709e00000, 0x000000070a000000, 0x000000070a000000|100%| O|  |TAMS 0x000000070a000000| PB 0x000000070a000000| Untracked 
|   3|0x000000070a000000, 0x000000070a200000, 0x000000070a200000|100%| O|  |TAMS 0x000000070a200000| PB 0x000000070a200000| Untracked 
|   4|0x000000070a200000, 0x000000070a400000, 0x000000070a400000|100%| O|  |TAMS 0x000000070a400000| PB 0x000000070a400000| Untracked 
|   5|0x000000070a400000, 0x000000070a600000, 0x000000070a600000|100%| O|  |TAMS 0x000000070a600000| PB 0x000000070a600000| Untracked 
|   6|0x000000070a600000, 0x000000070a800000, 0x000000070a800000|100%| O|  |TAMS 0x000000070a800000| PB 0x000000070a800000| Untracked 
|   7|0x000000070a800000, 0x000000070aa00000, 0x000000070aa00000|100%| O|  |TAMS 0x000000070aa00000| PB 0x000000070aa00000| Untracked 
|   8|0x000000070aa00000, 0x000000070ac00000, 0x000000070ac00000|100%| O|  |TAMS 0x000000070ac00000| PB 0x000000070ac00000| Untracked 
|   9|0x000000070ac00000, 0x000000070ae00000, 0x000000070ae00000|100%| O|  |TAMS 0x000000070ae00000| PB 0x000000070ae00000| Untracked 
|  10|0x000000070ae00000, 0x000000070b000000, 0x000000070b000000|100%| O|  |TAMS 0x000000070b000000| PB 0x000000070b000000| Updating 
|  11|0x000000070b000000, 0x000000070b200000, 0x000000070b200000|100%| O|  |TAMS 0x000000070b200000| PB 0x000000070b200000| Untracked 
|  12|0x000000070b200000, 0x000000070b400000, 0x000000070b400000|100%| O|  |TAMS 0x000000070b400000| PB 0x000000070b400000| Untracked 
|  13|0x000000070b400000, 0x000000070b600000, 0x000000070b600000|100%| O|  |TAMS 0x000000070b600000| PB 0x000000070b600000| Untracked 
|  14|0x000000070b600000, 0x000000070b800000, 0x000000070b800000|100%| O|  |TAMS 0x000000070b800000| PB 0x000000070b800000| Untracked 
|  15|0x000000070b800000, 0x000000070ba00000, 0x000000070ba00000|100%| O|  |TAMS 0x000000070ba00000| PB 0x000000070ba00000| Untracked 
|  16|0x000000070ba00000, 0x000000070bc00000, 0x000000070bc00000|100%| O|  |TAMS 0x000000070bc00000| PB 0x000000070bc00000| Untracked 
|  17|0x000000070bc00000, 0x000000070be00000, 0x000000070be00000|100%| O|  |TAMS 0x000000070be00000| PB 0x000000070be00000| Untracked 
|  18|0x000000070be00000, 0x000000070c000000, 0x000000070c000000|100%| O|  |TAMS 0x000000070c000000| PB 0x000000070c000000| Untracked 
|  19|0x000000070c000000, 0x000000070c200000, 0x000000070c200000|100%| O|  |TAMS 0x000000070c200000| PB 0x000000070c200000| Updating 
|  20|0x000000070c200000, 0x000000070c400000, 0x000000070c400000|100%| O|  |TAMS 0x000000070c400000| PB 0x000000070c400000| Untracked 
|  21|0x000000070c400000, 0x000000070c600000, 0x000000070c600000|100%| O|  |TAMS 0x000000070c600000| PB 0x000000070c600000| Untracked 
|  22|0x000000070c600000, 0x000000070c800000, 0x000000070c800000|100%| O|  |TAMS 0x000000070c800000| PB 0x000000070c800000| Untracked 
|  23|0x000000070c800000, 0x000000070ca00000, 0x000000070ca00000|100%| O|  |TAMS 0x000000070ca00000| PB 0x000000070ca00000| Untracked 
|  24|0x000000070ca00000, 0x000000070cc00000, 0x000000070cc00000|100%| O|  |TAMS 0x000000070cc00000| PB 0x000000070cc00000| Untracked 
|  25|0x000000070cc00000, 0x000000070ce00000, 0x000000070ce00000|100%| O|  |TAMS 0x000000070ce00000| PB 0x000000070ce00000| Untracked 
|  26|0x000000070ce00000, 0x000000070d000000, 0x000000070d000000|100%| O|  |TAMS 0x000000070d000000| PB 0x000000070d000000| Updating 
|  27|0x000000070d000000, 0x000000070d200000, 0x000000070d200000|100%| O|  |TAMS 0x000000070d200000| PB 0x000000070d200000| Untracked 
|  28|0x000000070d200000, 0x000000070d400000, 0x000000070d400000|100%| O|  |TAMS 0x000000070d400000| PB 0x000000070d400000| Untracked 
|  29|0x000000070d400000, 0x000000070d600000, 0x000000070d600000|100%| O|  |TAMS 0x000000070d600000| PB 0x000000070d600000| Untracked 
|  30|0x000000070d600000, 0x000000070d800000, 0x000000070d800000|100%| O|  |TAMS 0x000000070d800000| PB 0x000000070d800000| Untracked 
|  31|0x000000070d800000, 0x000000070da00000, 0x000000070da00000|100%| O|  |TAMS 0x000000070da00000| PB 0x000000070da00000| Untracked 
|  32|0x000000070da00000, 0x000000070dc00000, 0x000000070dc00000|100%| O|  |TAMS 0x000000070dc00000| PB 0x000000070dc00000| Untracked 
|  33|0x000000070dc00000, 0x000000070de00000, 0x000000070de00000|100%| O|  |TAMS 0x000000070de00000| PB 0x000000070de00000| Untracked 
|  34|0x000000070de00000, 0x000000070e000000, 0x000000070e000000|100%| O|  |TAMS 0x000000070e000000| PB 0x000000070e000000| Untracked 
|  35|0x000000070e000000, 0x000000070e200000, 0x000000070e200000|100%| O|  |TAMS 0x000000070e200000| PB 0x000000070e200000| Untracked 
|  36|0x000000070e200000, 0x000000070e400000, 0x000000070e400000|100%| O|  |TAMS 0x000000070e400000| PB 0x000000070e400000| Untracked 
|  37|0x000000070e400000, 0x000000070e600000, 0x000000070e600000|100%| O|  |TAMS 0x000000070e600000| PB 0x000000070e600000| Untracked 
|  38|0x000000070e600000, 0x000000070e800000, 0x000000070e800000|100%| O|  |TAMS 0x000000070e800000| PB 0x000000070e800000| Untracked 
|  39|0x000000070e800000, 0x000000070ea00000, 0x000000070ea00000|100%| O|  |TAMS 0x000000070ea00000| PB 0x000000070ea00000| Untracked 
|  40|0x000000070ea00000, 0x000000070ec00000, 0x000000070ec00000|100%| O|  |TAMS 0x000000070ec00000| PB 0x000000070ec00000| Updating 
|  41|0x000000070ec00000, 0x000000070ee00000, 0x000000070ee00000|100%| O|  |TAMS 0x000000070ee00000| PB 0x000000070ee00000| Untracked 
|  42|0x000000070ee00000, 0x000000070f000000, 0x000000070f000000|100%| O|  |TAMS 0x000000070f000000| PB 0x000000070f000000| Untracked 
|  43|0x000000070f000000, 0x000000070f200000, 0x000000070f200000|100%| O|  |TAMS 0x000000070f200000| PB 0x000000070f200000| Untracked 
|  44|0x000000070f200000, 0x000000070f400000, 0x000000070f400000|100%| O|  |TAMS 0x000000070f400000| PB 0x000000070f400000| Updating 
|  45|0x000000070f400000, 0x000000070f600000, 0x000000070f600000|100%| O|  |TAMS 0x000000070f600000| PB 0x000000070f600000| Untracked 
|  46|0x000000070f600000, 0x000000070f800000, 0x000000070f800000|100%| O|  |TAMS 0x000000070f800000| PB 0x000000070f800000| Untracked 
|  47|0x000000070f800000, 0x000000070fa00000, 0x000000070fa00000|100%| O|  |TAMS 0x000000070fa00000| PB 0x000000070fa00000| Untracked 
|  48|0x000000070fa00000, 0x000000070fc00000, 0x000000070fc00000|100%| O|  |TAMS 0x000000070fc00000| PB 0x000000070fc00000| Untracked 
|  49|0x000000070fc00000, 0x000000070fe00000, 0x000000070fe00000|100%| O|  |TAMS 0x000000070fe00000| PB 0x000000070fe00000| Untracked 
|  50|0x000000070fe00000, 0x0000000710000000, 0x0000000710000000|100%| O|  |TAMS 0x0000000710000000| PB 0x0000000710000000| Untracked 
|  51|0x0000000710000000, 0x0000000710200000, 0x0000000710200000|100%| O|  |TAMS 0x0000000710200000| PB 0x0000000710200000| Untracked 
|  52|0x0000000710200000, 0x0000000710400000, 0x0000000710400000|100%| O|  |TAMS 0x0000000710400000| PB 0x0000000710400000| Untracked 
|  53|0x0000000710400000, 0x0000000710600000, 0x0000000710600000|100%| O|  |TAMS 0x0000000710600000| PB 0x0000000710600000| Untracked 
|  54|0x0000000710600000, 0x0000000710800000, 0x0000000710800000|100%| O|  |TAMS 0x0000000710800000| PB 0x0000000710800000| Untracked 
|  55|0x0000000710800000, 0x0000000710a00000, 0x0000000710a00000|100%| O|  |TAMS 0x0000000710a00000| PB 0x0000000710a00000| Untracked 
|  56|0x0000000710a00000, 0x0000000710c00000, 0x0000000710c00000|100%| O|  |TAMS 0x0000000710c00000| PB 0x0000000710c00000| Untracked 
|  57|0x0000000710c00000, 0x0000000710e00000, 0x0000000710e00000|100%| O|  |TAMS 0x0000000710e00000| PB 0x0000000710e00000| Untracked 
|  58|0x0000000710e00000, 0x0000000711000000, 0x0000000711000000|100%| O|  |TAMS 0x0000000711000000| PB 0x0000000711000000| Updating 
|  59|0x0000000711000000, 0x0000000711200000, 0x0000000711200000|100%| O|  |TAMS 0x0000000711200000| PB 0x0000000711200000| Untracked 
|  60|0x0000000711200000, 0x0000000711400000, 0x0000000711400000|100%| O|  |TAMS 0x0000000711400000| PB 0x0000000711400000| Updating 
|  61|0x0000000711400000, 0x0000000711600000, 0x0000000711600000|100%| O|  |TAMS 0x0000000711600000| PB 0x0000000711600000| Untracked 
|  62|0x0000000711600000, 0x0000000711800000, 0x0000000711800000|100%| O|  |TAMS 0x0000000711800000| PB 0x0000000711800000| Untracked 
|  63|0x0000000711800000, 0x0000000711a00000, 0x0000000711a00000|100%| O|  |TAMS 0x0000000711a00000| PB 0x0000000711a00000| Untracked 
|  64|0x0000000711a00000, 0x0000000711c00000, 0x0000000711c00000|100%| O|  |TAMS 0x0000000711c00000| PB 0x0000000711c00000| Updating 
|  65|0x0000000711c00000, 0x0000000711e00000, 0x0000000711e00000|100%| O|  |TAMS 0x0000000711e00000| PB 0x0000000711e00000| Untracked 
|  66|0x0000000711e00000, 0x0000000712000000, 0x0000000712000000|100%| O|  |TAMS 0x0000000712000000| PB 0x0000000712000000| Updating 
|  67|0x0000000712000000, 0x0000000712200000, 0x0000000712200000|100%| O|  |TAMS 0x0000000712200000| PB 0x0000000712200000| Updating 
|  68|0x0000000712200000, 0x0000000712400000, 0x0000000712400000|100%| O|  |TAMS 0x0000000712400000| PB 0x0000000712400000| Untracked 
|  69|0x0000000712400000, 0x0000000712600000, 0x0000000712600000|100%| O|  |TAMS 0x0000000712600000| PB 0x0000000712600000| Untracked 
|  70|0x0000000712600000, 0x0000000712800000, 0x0000000712800000|100%| O|  |TAMS 0x0000000712800000| PB 0x0000000712800000| Untracked 
|  71|0x0000000712800000, 0x0000000712a00000, 0x0000000712a00000|100%| O|  |TAMS 0x0000000712a00000| PB 0x0000000712a00000| Updating 
|  72|0x0000000712a00000, 0x0000000712a00000, 0x0000000712c00000|  0%| F|  |TAMS 0x0000000712a00000| PB 0x0000000712a00000| Untracked 
|  73|0x0000000712c00000, 0x0000000712e00000, 0x0000000712e00000|100%| O|  |TAMS 0x0000000712e00000| PB 0x0000000712e00000| Untracked 
|  74|0x0000000712e00000, 0x0000000713000000, 0x0000000713000000|100%| O|  |TAMS 0x0000000713000000| PB 0x0000000713000000| Untracked 
|  75|0x0000000713000000, 0x0000000713200000, 0x0000000713200000|100%| O|  |TAMS 0x0000000713200000| PB 0x0000000713200000| Untracked 
|  76|0x0000000713200000, 0x0000000713400000, 0x0000000713400000|100%| O|  |TAMS 0x0000000713400000| PB 0x0000000713400000| Untracked 
|  77|0x0000000713400000, 0x0000000713400000, 0x0000000713600000|  0%| F|  |TAMS 0x0000000713400000| PB 0x0000000713400000| Untracked 
|  78|0x0000000713600000, 0x0000000713800000, 0x0000000713800000|100%| O|  |TAMS 0x0000000713800000| PB 0x0000000713800000| Untracked 
|  79|0x0000000713800000, 0x0000000713a00000, 0x0000000713a00000|100%| O|  |TAMS 0x0000000713a00000| PB 0x0000000713a00000| Untracked 
|  80|0x0000000713a00000, 0x0000000713c00000, 0x0000000713c00000|100%| O|  |TAMS 0x0000000713c00000| PB 0x0000000713c00000| Untracked 
|  81|0x0000000713c00000, 0x0000000713e00000, 0x0000000713e00000|100%| O|  |TAMS 0x0000000713e00000| PB 0x0000000713e00000| Untracked 
|  82|0x0000000713e00000, 0x0000000714000000, 0x0000000714000000|100%| O|  |TAMS 0x0000000714000000| PB 0x0000000714000000| Untracked 
|  83|0x0000000714000000, 0x0000000714200000, 0x0000000714200000|100%| O|  |TAMS 0x0000000714200000| PB 0x0000000714200000| Updating 
|  84|0x0000000714200000, 0x0000000714400000, 0x0000000714400000|100%| O|  |TAMS 0x0000000714400000| PB 0x0000000714400000| Untracked 
|  85|0x0000000714400000, 0x0000000714600000, 0x0000000714600000|100%| O|  |TAMS 0x0000000714600000| PB 0x0000000714600000| Updating 
|  86|0x0000000714600000, 0x0000000714800000, 0x0000000714800000|100%| O|  |TAMS 0x0000000714800000| PB 0x0000000714800000| Untracked 
|  87|0x0000000714800000, 0x0000000714a00000, 0x0000000714a00000|100%| O|  |TAMS 0x0000000714a00000| PB 0x0000000714a00000| Untracked 
|  88|0x0000000714a00000, 0x0000000714c00000, 0x0000000714c00000|100%| O|  |TAMS 0x0000000714c00000| PB 0x0000000714c00000| Untracked 
|  89|0x0000000714c00000, 0x0000000714e00000, 0x0000000714e00000|100%| O|  |TAMS 0x0000000714e00000| PB 0x0000000714e00000| Untracked 
|  90|0x0000000714e00000, 0x0000000715000000, 0x0000000715000000|100%| O|  |TAMS 0x0000000715000000| PB 0x0000000715000000| Updating 
|  91|0x0000000715000000, 0x0000000715200000, 0x0000000715200000|100%| O|  |TAMS 0x0000000715200000| PB 0x0000000715200000| Updating 
|  92|0x0000000715200000, 0x0000000715400000, 0x0000000715400000|100%| O|  |TAMS 0x0000000715400000| PB 0x0000000715400000| Updating 
|  93|0x0000000715400000, 0x0000000715600000, 0x0000000715600000|100%| O|  |TAMS 0x0000000715600000| PB 0x0000000715600000| Untracked 
|  94|0x0000000715600000, 0x0000000715800000, 0x0000000715800000|100%| O|  |TAMS 0x0000000715800000| PB 0x0000000715800000| Untracked 
|  95|0x0000000715800000, 0x0000000715a00000, 0x0000000715a00000|100%| O|  |TAMS 0x0000000715a00000| PB 0x0000000715a00000| Updating 
|  96|0x0000000715a00000, 0x0000000715c00000, 0x0000000715c00000|100%| O|  |TAMS 0x0000000715c00000| PB 0x0000000715c00000| Updating 
|  97|0x0000000715c00000, 0x0000000715e00000, 0x0000000715e00000|100%| O|  |TAMS 0x0000000715e00000| PB 0x0000000715e00000| Untracked 
|  98|0x0000000715e00000, 0x0000000716000000, 0x0000000716000000|100%| O|  |TAMS 0x0000000716000000| PB 0x0000000716000000| Untracked 
|  99|0x0000000716000000, 0x0000000716200000, 0x0000000716200000|100%| O|  |TAMS 0x0000000716200000| PB 0x0000000716200000| Untracked 
| 100|0x0000000716200000, 0x0000000716400000, 0x0000000716400000|100%| O|  |TAMS 0x0000000716400000| PB 0x0000000716400000| Untracked 
| 101|0x0000000716400000, 0x0000000716600000, 0x0000000716600000|100%| O|  |TAMS 0x0000000716600000| PB 0x0000000716600000| Untracked 
| 102|0x0000000716600000, 0x0000000716800000, 0x0000000716800000|100%| O|  |TAMS 0x0000000716800000| PB 0x0000000716800000| Untracked 
| 103|0x0000000716800000, 0x0000000716a00000, 0x0000000716a00000|100%| O|  |TAMS 0x0000000716a00000| PB 0x0000000716a00000| Updating 
| 104|0x0000000716a00000, 0x0000000716c00000, 0x0000000716c00000|100%| O|  |TAMS 0x0000000716c00000| PB 0x0000000716c00000| Updating 
| 105|0x0000000716c00000, 0x0000000716c00000, 0x0000000716e00000|  0%| F|  |TAMS 0x0000000716c00000| PB 0x0000000716c00000| Untracked 
| 106|0x0000000716e00000, 0x0000000716e00000, 0x0000000717000000|  0%| F|  |TAMS 0x0000000716e00000| PB 0x0000000716e00000| Untracked 
| 107|0x0000000717000000, 0x0000000717000000, 0x0000000717200000|  0%| F|  |TAMS 0x0000000717000000| PB 0x0000000717000000| Untracked 
| 108|0x0000000717200000, 0x0000000717200000, 0x0000000717400000|  0%| F|  |TAMS 0x0000000717200000| PB 0x0000000717200000| Untracked 
| 109|0x0000000717400000, 0x0000000717400000, 0x0000000717600000|  0%| F|  |TAMS 0x0000000717400000| PB 0x0000000717400000| Untracked 
| 110|0x0000000717600000, 0x0000000717600000, 0x0000000717800000|  0%| F|  |TAMS 0x0000000717600000| PB 0x0000000717600000| Untracked 
| 111|0x0000000717800000, 0x0000000717800000, 0x0000000717a00000|  0%| F|  |TAMS 0x0000000717800000| PB 0x0000000717800000| Untracked 
| 112|0x0000000717a00000, 0x0000000717a00000, 0x0000000717c00000|  0%| F|  |TAMS 0x0000000717a00000| PB 0x0000000717a00000| Untracked 
| 113|0x0000000717c00000, 0x0000000717d40f10, 0x0000000717e00000| 62%| S|CS|TAMS 0x0000000717c00000| PB 0x0000000717c00000| Complete 
| 114|0x0000000717e00000, 0x0000000718000000, 0x0000000718000000|100%| S|CS|TAMS 0x0000000717e00000| PB 0x0000000717e00000| Complete 
| 115|0x0000000718000000, 0x0000000718200000, 0x0000000718200000|100%| S|CS|TAMS 0x0000000718000000| PB 0x0000000718000000| Complete 
| 116|0x0000000718200000, 0x0000000718400000, 0x0000000718400000|100%| S|CS|TAMS 0x0000000718200000| PB 0x0000000718200000| Complete 
| 117|0x0000000718400000, 0x0000000718600000, 0x0000000718600000|100%| S|CS|TAMS 0x0000000718400000| PB 0x0000000718400000| Complete 
| 118|0x0000000718600000, 0x0000000718800000, 0x0000000718800000|100%| S|CS|TAMS 0x0000000718600000| PB 0x0000000718600000| Complete 
| 119|0x0000000718800000, 0x0000000718800000, 0x0000000718a00000|  0%| F|  |TAMS 0x0000000718800000| PB 0x0000000718800000| Untracked 
| 120|0x0000000718a00000, 0x0000000718a00000, 0x0000000718c00000|  0%| F|  |TAMS 0x0000000718a00000| PB 0x0000000718a00000| Untracked 
| 121|0x0000000718c00000, 0x0000000718c00000, 0x0000000718e00000|  0%| F|  |TAMS 0x0000000718c00000| PB 0x0000000718c00000| Untracked 
| 122|0x0000000718e00000, 0x0000000718e00000, 0x0000000719000000|  0%| F|  |TAMS 0x0000000718e00000| PB 0x0000000718e00000| Untracked 
| 123|0x0000000719000000, 0x0000000719200000, 0x0000000719200000|100%| S|CS|TAMS 0x0000000719000000| PB 0x0000000719000000| Complete 
| 124|0x0000000719200000, 0x0000000719200000, 0x0000000719400000|  0%| F|  |TAMS 0x0000000719200000| PB 0x0000000719200000| Untracked 
| 125|0x0000000719400000, 0x0000000719400000, 0x0000000719600000|  0%| F|  |TAMS 0x0000000719400000| PB 0x0000000719400000| Untracked 
| 126|0x0000000719600000, 0x0000000719600000, 0x0000000719800000|  0%| F|  |TAMS 0x0000000719600000| PB 0x0000000719600000| Untracked 
| 127|0x0000000719800000, 0x0000000719800000, 0x0000000719a00000|  0%| F|  |TAMS 0x0000000719800000| PB 0x0000000719800000| Untracked 
| 128|0x0000000719a00000, 0x0000000719a00000, 0x0000000719c00000|  0%| F|  |TAMS 0x0000000719a00000| PB 0x0000000719a00000| Untracked 
| 129|0x0000000719c00000, 0x0000000719c00000, 0x0000000719e00000|  0%| F|  |TAMS 0x0000000719c00000| PB 0x0000000719c00000| Untracked 
| 130|0x0000000719e00000, 0x0000000719e00000, 0x000000071a000000|  0%| F|  |TAMS 0x0000000719e00000| PB 0x0000000719e00000| Untracked 
| 131|0x000000071a000000, 0x000000071a000000, 0x000000071a200000|  0%| F|  |TAMS 0x000000071a000000| PB 0x000000071a000000| Untracked 
| 132|0x000000071a200000, 0x000000071a200000, 0x000000071a400000|  0%| F|  |TAMS 0x000000071a200000| PB 0x000000071a200000| Untracked 
| 133|0x000000071a400000, 0x000000071a400000, 0x000000071a600000|  0%| F|  |TAMS 0x000000071a400000| PB 0x000000071a400000| Untracked 
| 134|0x000000071a600000, 0x000000071a600000, 0x000000071a800000|  0%| F|  |TAMS 0x000000071a600000| PB 0x000000071a600000| Untracked 
| 135|0x000000071a800000, 0x000000071a800000, 0x000000071aa00000|  0%| F|  |TAMS 0x000000071a800000| PB 0x000000071a800000| Untracked 
| 136|0x000000071aa00000, 0x000000071aa00000, 0x000000071ac00000|  0%| F|  |TAMS 0x000000071aa00000| PB 0x000000071aa00000| Untracked 
| 137|0x000000071ac00000, 0x000000071ac00000, 0x000000071ae00000|  0%| F|  |TAMS 0x000000071ac00000| PB 0x000000071ac00000| Untracked 
| 138|0x000000071ae00000, 0x000000071ae00000, 0x000000071b000000|  0%| F|  |TAMS 0x000000071ae00000| PB 0x000000071ae00000| Untracked 
| 139|0x000000071b000000, 0x000000071b000000, 0x000000071b200000|  0%| F|  |TAMS 0x000000071b000000| PB 0x000000071b000000| Untracked 
| 140|0x000000071b200000, 0x000000071b200000, 0x000000071b400000|  0%| F|  |TAMS 0x000000071b200000| PB 0x000000071b200000| Untracked 
| 141|0x000000071b400000, 0x000000071b400000, 0x000000071b600000|  0%| F|  |TAMS 0x000000071b400000| PB 0x000000071b400000| Untracked 
| 142|0x000000071b600000, 0x000000071b600000, 0x000000071b800000|  0%| F|  |TAMS 0x000000071b600000| PB 0x000000071b600000| Untracked 
| 143|0x000000071b800000, 0x000000071b800000, 0x000000071ba00000|  0%| F|  |TAMS 0x000000071b800000| PB 0x000000071b800000| Untracked 
| 144|0x000000071ba00000, 0x000000071ba00000, 0x000000071bc00000|  0%| F|  |TAMS 0x000000071ba00000| PB 0x000000071ba00000| Untracked 
| 145|0x000000071bc00000, 0x000000071bc00000, 0x000000071be00000|  0%| F|  |TAMS 0x000000071bc00000| PB 0x000000071bc00000| Untracked 
| 146|0x000000071be00000, 0x000000071be00000, 0x000000071c000000|  0%| F|  |TAMS 0x000000071be00000| PB 0x000000071be00000| Untracked 
| 147|0x000000071c000000, 0x000000071c000000, 0x000000071c200000|  0%| F|  |TAMS 0x000000071c000000| PB 0x000000071c000000| Untracked 
| 148|0x000000071c200000, 0x000000071c200000, 0x000000071c400000|  0%| F|  |TAMS 0x000000071c200000| PB 0x000000071c200000| Untracked 
| 149|0x000000071c400000, 0x000000071c400000, 0x000000071c600000|  0%| F|  |TAMS 0x000000071c400000| PB 0x000000071c400000| Untracked 
| 150|0x000000071c600000, 0x000000071c600000, 0x000000071c800000|  0%| F|  |TAMS 0x000000071c600000| PB 0x000000071c600000| Untracked 
| 151|0x000000071c800000, 0x000000071c800000, 0x000000071ca00000|  0%| F|  |TAMS 0x000000071c800000| PB 0x000000071c800000| Untracked 
| 152|0x000000071ca00000, 0x000000071ca00000, 0x000000071cc00000|  0%| F|  |TAMS 0x000000071ca00000| PB 0x000000071ca00000| Untracked 
| 153|0x000000071cc00000, 0x000000071cc00000, 0x000000071ce00000|  0%| F|  |TAMS 0x000000071cc00000| PB 0x000000071cc00000| Untracked 
| 154|0x000000071ce00000, 0x000000071ce00000, 0x000000071d000000|  0%| F|  |TAMS 0x000000071ce00000| PB 0x000000071ce00000| Untracked 
| 155|0x000000071d000000, 0x000000071d000000, 0x000000071d200000|  0%| F|  |TAMS 0x000000071d000000| PB 0x000000071d000000| Untracked 
| 156|0x000000071d200000, 0x000000071d200000, 0x000000071d400000|  0%| F|  |TAMS 0x000000071d200000| PB 0x000000071d200000| Untracked 
| 157|0x000000071d400000, 0x000000071d400000, 0x000000071d600000|  0%| F|  |TAMS 0x000000071d400000| PB 0x000000071d400000| Untracked 
| 158|0x000000071d600000, 0x000000071d600000, 0x000000071d800000|  0%| F|  |TAMS 0x000000071d600000| PB 0x000000071d600000| Untracked 
| 159|0x000000071d800000, 0x000000071d800000, 0x000000071da00000|  0%| F|  |TAMS 0x000000071d800000| PB 0x000000071d800000| Untracked 
| 160|0x000000071da00000, 0x000000071da00000, 0x000000071dc00000|  0%| F|  |TAMS 0x000000071da00000| PB 0x000000071da00000| Untracked 
| 161|0x000000071dc00000, 0x000000071dc00000, 0x000000071de00000|  0%| F|  |TAMS 0x000000071dc00000| PB 0x000000071dc00000| Untracked 
| 162|0x000000071de00000, 0x000000071de00000, 0x000000071e000000|  0%| F|  |TAMS 0x000000071de00000| PB 0x000000071de00000| Untracked 
| 163|0x000000071e000000, 0x000000071e100000, 0x000000071e200000| 50%| E|  |TAMS 0x000000071e000000| PB 0x000000071e000000| Complete 
| 164|0x000000071e200000, 0x000000071e400000, 0x000000071e400000|100%| E|CS|TAMS 0x000000071e200000| PB 0x000000071e200000| Complete 
| 165|0x000000071e400000, 0x000000071e600000, 0x000000071e600000|100%| E|CS|TAMS 0x000000071e400000| PB 0x000000071e400000| Complete 
| 166|0x000000071e600000, 0x000000071e800000, 0x000000071e800000|100%| E|CS|TAMS 0x000000071e600000| PB 0x000000071e600000| Complete 
| 167|0x000000071e800000, 0x000000071ea00000, 0x000000071ea00000|100%| E|CS|TAMS 0x000000071e800000| PB 0x000000071e800000| Complete 
| 168|0x000000071ea00000, 0x000000071ec00000, 0x000000071ec00000|100%| E|CS|TAMS 0x000000071ea00000| PB 0x000000071ea00000| Complete 
|1970|0x00000007ffe00000, 0x0000000800000000, 0x0000000800000000|100%| O|  |TAMS 0x0000000800000000| PB 0x0000000800000000| Untracked 

Card table byte_map: [0x000001faf25e0000,0x000001faf2da0000] _byte_map_base: 0x000001faeed93000

Marking Bits: (CMBitMap*) 0x000001fadf9fe2e0
 Bits: [0x000001faf2da0000, 0x000001faf6b38000)

Polling page: 0x000001fadd780000

Metaspace:

Usage:
  Non-class:     80.20 MB used.
      Class:      9.32 MB used.
       Both:     89.52 MB used.

Virtual space:
  Non-class space:      128.00 MB reserved,      80.44 MB ( 63%) committed,  2 nodes.
      Class space:        1.00 GB reserved,       9.50 MB ( <1%) committed,  1 nodes.
             Both:        1.12 GB reserved,      89.94 MB (  8%) committed. 

Chunk freelists:
   Non-Class:  15.59 MB
       Class:  6.36 MB
        Both:  21.95 MB

MaxMetaspaceSize: unlimited
CompressedClassSpaceSize: 1.00 GB
Initial GC threshold: 21.00 MB
Current GC threshold: 125.75 MB
CDS: off
 - commit_granule_bytes: 65536.
 - commit_granule_words: 8192.
 - virtual_space_node_default_size: 8388608.
 - enlarge_chunks_in_place: 1.
 - use_allocation_guard: 0.


Internal statistics:

num_allocs_failed_limit: 3.
num_arena_births: 452.
num_arena_deaths: 0.
num_vsnodes_births: 3.
num_vsnodes_deaths: 0.
num_space_committed: 1437.
num_space_uncommitted: 0.
num_chunks_returned_to_freelist: 3.
num_chunks_taken_from_freelist: 3331.
num_chunk_merges: 3.
num_chunk_splits: 2759.
num_chunks_enlarged: 2476.
num_inconsistent_stats: 0.

CodeHeap 'non-profiled nmethods': size=120000Kb used=12512Kb max_used=15343Kb free=107487Kb
 bounds [0x000001faea5c0000, 0x000001faeb4c0000, 0x000001faf1af0000]
CodeHeap 'profiled nmethods': size=120000Kb used=57397Kb max_used=66944Kb free=62602Kb
 bounds [0x000001fae2af0000, 0x000001fae6c60000, 0x000001faea020000]
CodeHeap 'non-nmethods': size=5760Kb used=2111Kb max_used=2165Kb free=3648Kb
 bounds [0x000001faea020000, 0x000001faea290000, 0x000001faea5c0000]
CodeCache: size=245760Kb, used=72020Kb, max_used=84452Kb, free=173737Kb
 total_blobs=16107, nmethods=15244, adapters=760, full_count=0
Compilation: enabled, stopped_count=0, restarted_count=0

Compilation events (20 events):
Event: 30.740 Thread 0x000001faf97c2870 19728       3       org.jetbrains.kotlin.codegen.optimization.common.StrictBasicValue::<init> (6 bytes)
Event: 30.740 Thread 0x000001faf97c2870 nmethod 19728 0x000001fae6c44190 code [0x000001fae6c44340, 0x000001fae6c44568]
Event: 30.741 Thread 0x000001faf97c2870 19729       3       org.jetbrains.kotlin.codegen.optimization.nullCheck.NullabilityInterpreter::naryOperation (10 bytes)
Event: 30.742 Thread 0x000001faf97c2870 nmethod 19729 0x000001fae6c44690 code [0x000001fae6c44840, 0x000001fae6c44978]
Event: 30.742 Thread 0x000001faf97c2870 19730       3       org.jetbrains.kotlin.codegen.optimization.nullCheck.NullabilityInterpreter::naryOperation (162 bytes)
Event: 30.744 Thread 0x000001faf97c2870 nmethod 19730 0x000001fae6c44a10 code [0x000001fae6c44f20, 0x000001fae6c47480]
Event: 30.744 Thread 0x000001faf97c2870 19735 %     3       org.jetbrains.org.objectweb.asm.tree.analysis.Frame::merge @ 28 (96 bytes)
Event: 30.745 Thread 0x000001faf97c2870 nmethod 19735% 0x000001fae6c48010 code [0x000001fae6c48240, 0x000001fae6c48a78]
Event: 30.745 Thread 0x000001faf97c2870 19731       3       org.jetbrains.kotlin.codegen.optimization.boxing.BoxingInterpreterKt::isIteratorMethodCallOfProgression (122 bytes)
Event: 30.747 Thread 0x000001fa83b38530 nmethod 19325 0x000001faeb4aa310 code [0x000001faeb4ab060, 0x000001faeb4b2888]
Event: 30.747 Thread 0x000001faf97c2870 nmethod 19731 0x000001fae6c48e10 code [0x000001fae6c49200, 0x000001fae6c4ad28]
Event: 30.747 Thread 0x000001faf97c2870 19736       3       org.jetbrains.org.objectweb.asm.tree.analysis.Frame::merge (96 bytes)
Event: 30.747 Thread 0x000001fa83b38530 19717       4       org.jetbrains.kotlin.codegen.optimization.common.FastAnalyzer::analyzeInstruction (291 bytes)
Event: 30.747 Thread 0x000001faf97c2870 nmethod 19736 0x000001fae6c4b610 code [0x000001fae6c4b820, 0x000001fae6c4bf80]
Event: 30.747 Thread 0x000001faf97c2870 19732       3       org.jetbrains.kotlin.codegen.optimization.boxing.BoxingInterpreterKt::isNextMethodCallOfProgressionIterator (84 bytes)
Event: 30.749 Thread 0x000001faf97c2870 nmethod 19732 0x000001fae6c4c290 code [0x000001fae6c4c620, 0x000001fae6c4dc70]
Event: 30.749 Thread 0x000001faf97c2870 19738       3       org.jetbrains.kotlin.codegen.optimization.common.OptimizationBasicInterpreter::newOperation (461 bytes)
Event: 30.750 Thread 0x000001faf97bff90 nmethod 19674 0x000001faeb4b8190 code [0x000001faeb4b84a0, 0x000001faeb4baa78]
Event: 30.750 Thread 0x000001faf97bff90 19715   !   4       org.jetbrains.kotlin.codegen.optimization.common.FastAnalyzer::analyzeMainLoop (350 bytes)
Event: 30.751 Thread 0x000001faf97c2870 nmethod 19738 0x000001fae6c4e310 code [0x000001fae6c4e8c0, 0x000001fae6c515a8]

GC Heap History (20 events):
Event: 5.438 GC heap before
{Heap before GC invocations=20 (full 0):
 garbage-first heap   total 143360K, used 120832K [0x0000000709a00000, 0x0000000800000000)
  region size 2048K, 17 young (34816K), 2 survivors (4096K)
 Metaspace       used 51762K, committed 52096K, reserved 1114112K
  class space    used 6007K, committed 6144K, reserved 1048576K
}
Event: 5.446 GC heap after
{Heap after GC invocations=21 (full 0):
 garbage-first heap   total 348160K, used 97441K [0x0000000709a00000, 0x0000000800000000)
  region size 2048K, 3 young (6144K), 3 survivors (6144K)
 Metaspace       used 51762K, committed 52096K, reserved 1114112K
  class space    used 6007K, committed 6144K, reserved 1048576K
}
Event: 7.314 GC heap before
{Heap before GC invocations=21 (full 0):
 garbage-first heap   total 348160K, used 246945K [0x0000000709a00000, 0x0000000800000000)
  region size 2048K, 76 young (155648K), 3 survivors (6144K)
 Metaspace       used 59281K, committed 59584K, reserved 1114112K
  class space    used 6803K, committed 6912K, reserved 1048576K
}
Event: 7.342 GC heap after
{Heap after GC invocations=22 (full 0):
 garbage-first heap   total 348160K, used 136383K [0x0000000709a00000, 0x0000000800000000)
  region size 2048K, 10 young (20480K), 10 survivors (20480K)
 Metaspace       used 59281K, committed 59584K, reserved 1114112K
  class space    used 6803K, committed 6912K, reserved 1048576K
}
Event: 9.919 GC heap before
{Heap before GC invocations=22 (full 0):
 garbage-first heap   total 348160K, used 244927K [0x0000000709a00000, 0x0000000800000000)
  region size 2048K, 63 young (129024K), 10 survivors (20480K)
 Metaspace       used 61208K, committed 61568K, reserved 1114112K
  class space    used 6882K, committed 7040K, reserved 1048576K
}
Event: 9.944 GC heap after
{Heap after GC invocations=23 (full 0):
 garbage-first heap   total 348160K, used 151359K [0x0000000709a00000, 0x0000000800000000)
  region size 2048K, 7 young (14336K), 7 survivors (14336K)
 Metaspace       used 61208K, committed 61568K, reserved 1114112K
  class space    used 6882K, committed 7040K, reserved 1048576K
}
Event: 12.094 GC heap before
{Heap before GC invocations=23 (full 0):
 garbage-first heap   total 348160K, used 263999K [0x0000000709a00000, 0x0000000800000000)
  region size 2048K, 62 young (126976K), 7 survivors (14336K)
 Metaspace       used 62126K, committed 62464K, reserved 1114112K
  class space    used 6942K, committed 7104K, reserved 1048576K
}
Event: 12.112 GC heap after
{Heap after GC invocations=24 (full 0):
 garbage-first heap   total 348160K, used 161702K [0x0000000709a00000, 0x0000000800000000)
  region size 2048K, 5 young (10240K), 5 survivors (10240K)
 Metaspace       used 62126K, committed 62464K, reserved 1114112K
  class space    used 6942K, committed 7104K, reserved 1048576K
}
Event: 16.711 GC heap before
{Heap before GC invocations=25 (full 0):
 garbage-first heap   total 348160K, used 280486K [0x0000000709a00000, 0x0000000800000000)
  region size 2048K, 63 young (129024K), 5 survivors (10240K)
 Metaspace       used 66801K, committed 67136K, reserved 1114112K
  class space    used 7289K, committed 7424K, reserved 1048576K
}
Event: 16.738 GC heap after
{Heap after GC invocations=26 (full 0):
 garbage-first heap   total 348160K, used 171841K [0x0000000709a00000, 0x0000000800000000)
  region size 2048K, 5 young (10240K), 5 survivors (10240K)
 Metaspace       used 66801K, committed 67136K, reserved 1114112K
  class space    used 7289K, committed 7424K, reserved 1048576K
}
Event: 21.717 GC heap before
{Heap before GC invocations=26 (full 0):
 garbage-first heap   total 348160K, used 292673K [0x0000000709a00000, 0x0000000800000000)
  region size 2048K, 64 young (131072K), 5 survivors (10240K)
 Metaspace       used 74548K, committed 74880K, reserved 1179648K
  class space    used 7960K, committed 8064K, reserved 1048576K
}
Event: 21.752 GC heap after
{Heap after GC invocations=27 (full 0):
 garbage-first heap   total 348160K, used 189964K [0x0000000709a00000, 0x0000000800000000)
  region size 2048K, 8 young (16384K), 8 survivors (16384K)
 Metaspace       used 74548K, committed 74880K, reserved 1179648K
  class space    used 7960K, committed 8064K, reserved 1048576K
}
Event: 22.714 GC heap before
{Heap before GC invocations=27 (full 0):
 garbage-first heap   total 348160K, used 230924K [0x0000000709a00000, 0x0000000800000000)
  region size 2048K, 29 young (59392K), 8 survivors (16384K)
 Metaspace       used 76581K, committed 76928K, reserved 1179648K
  class space    used 8120K, committed 8256K, reserved 1048576K
}
Event: 22.738 GC heap after
{Heap after GC invocations=28 (full 0):
 garbage-first heap   total 348160K, used 199347K [0x0000000709a00000, 0x0000000800000000)
  region size 2048K, 5 young (10240K), 5 survivors (10240K)
 Metaspace       used 76581K, committed 76928K, reserved 1179648K
  class space    used 8120K, committed 8256K, reserved 1048576K
}
Event: 25.211 GC heap before
{Heap before GC invocations=29 (full 0):
 garbage-first heap   total 348160K, used 301747K [0x0000000709a00000, 0x0000000800000000)
  region size 2048K, 55 young (112640K), 5 survivors (10240K)
 Metaspace       used 78934K, committed 79296K, reserved 1179648K
  class space    used 8324K, committed 8512K, reserved 1048576K
}
Event: 25.231 GC heap after
{Heap after GC invocations=30 (full 0):
 garbage-first heap   total 348160K, used 213763K [0x0000000709a00000, 0x0000000800000000)
  region size 2048K, 7 young (14336K), 7 survivors (14336K)
 Metaspace       used 78934K, committed 79296K, reserved 1179648K
  class space    used 8324K, committed 8512K, reserved 1048576K
}
Event: 28.164 GC heap before
{Heap before GC invocations=30 (full 0):
 garbage-first heap   total 348160K, used 307971K [0x0000000709a00000, 0x0000000800000000)
  region size 2048K, 53 young (108544K), 7 survivors (14336K)
 Metaspace       used 86392K, committed 86848K, reserved 1179648K
  class space    used 9092K, committed 9280K, reserved 1048576K
}
Event: 28.185 GC heap after
{Heap after GC invocations=31 (full 0):
 garbage-first heap   total 348160K, used 221071K [0x0000000709a00000, 0x0000000800000000)
  region size 2048K, 4 young (8192K), 4 survivors (8192K)
 Metaspace       used 86392K, committed 86848K, reserved 1179648K
  class space    used 9092K, committed 9280K, reserved 1048576K
}
Event: 30.413 GC heap before
{Heap before GC invocations=31 (full 0):
 garbage-first heap   total 348160K, used 313231K [0x0000000709a00000, 0x0000000800000000)
  region size 2048K, 49 young (100352K), 4 survivors (8192K)
 Metaspace       used 91469K, committed 91904K, reserved 1179648K
  class space    used 9541K, committed 9728K, reserved 1048576K
}
Event: 30.428 GC heap after
{Heap after GC invocations=32 (full 0):
 garbage-first heap   total 348160K, used 226563K [0x0000000709a00000, 0x0000000800000000)
  region size 2048K, 7 young (14336K), 7 survivors (14336K)
 Metaspace       used 91469K, committed 91904K, reserved 1179648K
  class space    used 9541K, committed 9728K, reserved 1048576K
}

Dll operation events (3 events):
Event: 0.010 Loaded shared library C:\Program Files\Android\Android Studio\jbr\bin\java.dll
Event: 0.020 Loaded shared library C:\Program Files\Android\Android Studio\jbr\bin\zip.dll
Event: 1.554 Loaded shared library C:\Program Files\Android\Android Studio\jbr\bin\verify.dll

Deoptimization events (20 events):
Event: 30.727 Thread 0x000001fadf999820 DEOPT PACKING pc=0x000001faeb4887bc sp=0x0000007fa25fdeb0
Event: 30.727 Thread 0x000001fadf999820 DEOPT UNPACKING pc=0x000001faea077da2 sp=0x0000007fa25fde50 mode 2
Event: 30.727 Thread 0x000001fadf999820 Uncommon trap: trap_request=0xffffffbe fr.pc=0x000001faeb49c824 relative=0x00000000000009e4
Event: 30.727 Thread 0x000001fadf999820 Uncommon trap: reason=profile_predicate action=maybe_recompile pc=0x000001faeb49c824 method=org.jetbrains.org.objectweb.asm.tree.analysis.Frame.merge(Lorg/jetbrains/org/objectweb/asm/tree/analysis/Frame;Lorg/jetbrains/org/objectweb/asm/tree/analysis/Inter
Event: 30.727 Thread 0x000001fadf999820 DEOPT PACKING pc=0x000001faeb49c824 sp=0x0000007fa25fdcc0
Event: 30.727 Thread 0x000001fadf999820 DEOPT UNPACKING pc=0x000001faea077da2 sp=0x0000007fa25fdca8 mode 2
Event: 30.728 Thread 0x000001fadf999820 DEOPT PACKING pc=0x000001fae6b3775a sp=0x0000007fa25fe120
Event: 30.728 Thread 0x000001fadf999820 DEOPT UNPACKING pc=0x000001faea0788e2 sp=0x0000007fa25fd6a8 mode 0
Event: 30.742 Thread 0x000001fadf999820 Uncommon trap: trap_request=0xffffffbe fr.pc=0x000001faeb49c824 relative=0x00000000000009e4
Event: 30.742 Thread 0x000001fadf999820 Uncommon trap: reason=profile_predicate action=maybe_recompile pc=0x000001faeb49c824 method=org.jetbrains.org.objectweb.asm.tree.analysis.Frame.merge(Lorg/jetbrains/org/objectweb/asm/tree/analysis/Frame;Lorg/jetbrains/org/objectweb/asm/tree/analysis/Inter
Event: 30.742 Thread 0x000001fadf999820 DEOPT PACKING pc=0x000001faeb49c824 sp=0x0000007fa25fdd90
Event: 30.742 Thread 0x000001fadf999820 DEOPT UNPACKING pc=0x000001faea077da2 sp=0x0000007fa25fdd78 mode 2
Event: 30.742 Thread 0x000001fadf999820 Uncommon trap: trap_request=0xffffffbe fr.pc=0x000001faeb49c824 relative=0x00000000000009e4
Event: 30.742 Thread 0x000001fadf999820 Uncommon trap: reason=profile_predicate action=maybe_recompile pc=0x000001faeb49c824 method=org.jetbrains.org.objectweb.asm.tree.analysis.Frame.merge(Lorg/jetbrains/org/objectweb/asm/tree/analysis/Frame;Lorg/jetbrains/org/objectweb/asm/tree/analysis/Inter
Event: 30.742 Thread 0x000001fadf999820 DEOPT PACKING pc=0x000001faeb49c824 sp=0x0000007fa25fdf10
Event: 30.742 Thread 0x000001fadf999820 DEOPT UNPACKING pc=0x000001faea077da2 sp=0x0000007fa25fdef8 mode 2
Event: 30.743 Thread 0x000001fadf999820 Uncommon trap: trap_request=0xffffffbe fr.pc=0x000001faeb49c824 relative=0x00000000000009e4
Event: 30.743 Thread 0x000001fadf999820 Uncommon trap: reason=profile_predicate action=maybe_recompile pc=0x000001faeb49c824 method=org.jetbrains.org.objectweb.asm.tree.analysis.Frame.merge(Lorg/jetbrains/org/objectweb/asm/tree/analysis/Frame;Lorg/jetbrains/org/objectweb/asm/tree/analysis/Inter
Event: 30.743 Thread 0x000001fadf999820 DEOPT PACKING pc=0x000001faeb49c824 sp=0x0000007fa25fdd90
Event: 30.743 Thread 0x000001fadf999820 DEOPT UNPACKING pc=0x000001faea077da2 sp=0x0000007fa25fdd78 mode 2

Classes loaded (20 events):
Event: 27.000 Loading class sun/security/provider/ByteArrayAccess$LE
Event: 27.000 Loading class sun/security/provider/ByteArrayAccess$LE done
Event: 27.001 Loading class java/util/Base64
Event: 27.001 Loading class java/util/Base64 done
Event: 27.001 Loading class java/util/Base64$Encoder
Event: 27.001 Loading class java/util/Base64$Encoder done
Event: 27.005 Loading class java/util/IdentityHashMap$EntrySet
Event: 27.005 Loading class java/util/IdentityHashMap$EntrySet done
Event: 27.005 Loading class java/util/IdentityHashMap$EntryIterator
Event: 27.006 Loading class java/util/IdentityHashMap$IdentityHashMapIterator
Event: 27.006 Loading class java/util/IdentityHashMap$IdentityHashMapIterator done
Event: 27.006 Loading class java/util/IdentityHashMap$EntryIterator done
Event: 27.006 Loading class java/util/IdentityHashMap$EntryIterator$Entry
Event: 27.006 Loading class java/util/IdentityHashMap$EntryIterator$Entry done
Event: 29.691 Loading class java/lang/TypeNotPresentException
Event: 29.691 Loading class java/lang/TypeNotPresentException done
Event: 29.746 Loading class java/util/function/ToIntFunction
Event: 29.746 Loading class java/util/function/ToIntFunction done
Event: 29.969 Loading class java/util/Vector$Itr
Event: 29.969 Loading class java/util/Vector$Itr done

Classes unloaded (0 events):
No events

Classes redefined (0 events):
No events

Internal exceptions (20 events):
Event: 26.737 Thread 0x000001fadf999820 Exception <a 'java/lang/NoSuchMethodError'{0x000000071b7cfde8}: 'java.lang.Object java.lang.invoke.DirectMethodHandle$Holder.newInvokeSpecial(java.lang.Object, java.lang.Object, java.lang.Object, java.lang.Object, int, int, int, java.lang.Object)'> (0x000000071b7cfde8) 
thrown [s\src\hotspot\share\interpreter\linkResolver.cpp, line 784]
Event: 26.938 Thread 0x000001fadf999820 Exception <a 'java/lang/NoSuchMethodError'{0x000000071b04b1b0}: 'java.lang.Object java.lang.invoke.DirectMethodHandle$Holder.invokeStatic(java.lang.Object, java.lang.Object, java.lang.Object, java.lang.Object, int, java.lang.Object)'> (0x000000071b04b1b0) 
thrown [s\src\hotspot\share\interpreter\linkResolver.cpp, line 784]
Event: 27.179 Thread 0x000001fadf999820 Implicit null exception at 0x000001faeb29c060 to 0x000001faeb29c14d
Event: 27.230 Thread 0x000001fadf999820 Exception <a 'java/lang/NoSuchMethodError'{0x000000071aa047b8}: 'java.lang.Object java.lang.invoke.DirectMethodHandle$Holder.invokeStatic(java.lang.Object, java.lang.Object, int, java.lang.Object)'> (0x000000071aa047b8) 
thrown [s\src\hotspot\share\interpreter\linkResolver.cpp, line 784]
Event: 27.232 Thread 0x000001fadf999820 Exception <a 'java/lang/NoSuchMethodError'{0x000000071aa10780}: 'java.lang.Object java.lang.invoke.DirectMethodHandle$Holder.newInvokeSpecial(java.lang.Object, java.lang.Object, java.lang.Object, java.lang.Object, int, java.lang.Object)'> (0x000000071aa10780) 
thrown [s\src\hotspot\share\interpreter\linkResolver.cpp, line 784]
Event: 27.233 Thread 0x000001fadf999820 Exception <a 'java/lang/NoSuchMethodError'{0x000000071aa14b68}: 'java.lang.Object java.lang.invoke.DirectMethodHandle$Holder.invokeSpecial(java.lang.Object, java.lang.Object, java.lang.Object, java.lang.Object, java.lang.Object, int, java.lang.Object)'> (0x000000071aa14b68) 
thrown [s\src\hotspot\share\interpreter\linkResolver.cpp, line 784]
Event: 27.233 Thread 0x000001fadf999820 Exception <a 'java/lang/NoSuchMethodError'{0x000000071aa18740}: 'java.lang.Object java.lang.invoke.Invokers$Holder.linkToTargetMethod(java.lang.Object, java.lang.Object, java.lang.Object, int, java.lang.Object, java.lang.Object)'> (0x000000071aa18740) 
thrown [s\src\hotspot\share\interpreter\linkResolver.cpp, line 784]
Event: 27.238 Thread 0x000001fadf999820 Exception <a 'java/lang/NoSuchMethodError'{0x000000071aa2e288}: 'java.lang.Object java.lang.invoke.DirectMethodHandle$Holder.newInvokeSpecial(java.lang.Object, java.lang.Object, java.lang.Object, java.lang.Object, java.lang.Object, int, int)'> (0x000000071aa2e288) 
thrown [s\src\hotspot\share\interpreter\linkResolver.cpp, line 784]
Event: 27.239 Thread 0x000001fadf999820 Exception <a 'java/lang/NoSuchMethodError'{0x000000071aa35d30}: 'java.lang.Object java.lang.invoke.Invokers$Holder.linkToTargetMethod(java.lang.Object, java.lang.Object, java.lang.Object, java.lang.Object, int, int, java.lang.Object)'> (0x000000071aa35d30) 
thrown [s\src\hotspot\share\interpreter\linkResolver.cpp, line 784]
Event: 27.246 Thread 0x000001fadf999820 Exception <a 'java/lang/NoSuchMethodError'{0x000000071aa5fcd8}: 'java.lang.Object java.lang.invoke.DirectMethodHandle$Holder.newInvokeSpecial(java.lang.Object, java.lang.Object, int, java.lang.Object)'> (0x000000071aa5fcd8) 
thrown [s\src\hotspot\share\interpreter\linkResolver.cpp, line 784]
Event: 27.246 Thread 0x000001fadf999820 Exception <a 'java/lang/NoSuchMethodError'{0x000000071aa64060}: 'java.lang.Object java.lang.invoke.DirectMethodHandle$Holder.invokeSpecial(java.lang.Object, java.lang.Object, java.lang.Object, int, java.lang.Object)'> (0x000000071aa64060) 
thrown [s\src\hotspot\share\interpreter\linkResolver.cpp, line 784]
Event: 27.246 Thread 0x000001fadf999820 Exception <a 'java/lang/NoSuchMethodError'{0x000000071aa67ce0}: 'java.lang.Object java.lang.invoke.Invokers$Holder.linkToTargetMethod(java.lang.Object, int, java.lang.Object, java.lang.Object)'> (0x000000071aa67ce0) 
thrown [s\src\hotspot\share\interpreter\linkResolver.cpp, line 784]
Event: 28.305 Thread 0x000001fadf999820 Exception <a 'java/lang/NoSuchMethodError'{0x000000071e676bb0}: 'java.lang.Object java.lang.invoke.DirectMethodHandle$Holder.invokeStaticInit(java.lang.Object, java.lang.Object, int, java.lang.Object)'> (0x000000071e676bb0) 
thrown [s\src\hotspot\share\interpreter\linkResolver.cpp, line 784]
Event: 29.819 Thread 0x000001fadf999820 Exception <a 'java/lang/NoSuchMethodError'{0x000000071a6e18e8}: 'java.lang.Object java.lang.invoke.DirectMethodHandle$Holder.invokeStatic(java.lang.Object, int, int)'> (0x000000071a6e18e8) 
thrown [s\src\hotspot\share\interpreter\linkResolver.cpp, line 784]
Event: 30.065 Thread 0x000001fadf999820 Exception <a 'java/lang/NoSuchMethodError'{0x0000000719f6d098}: 'java.lang.Object java.lang.invoke.DirectMethodHandle$Holder.newInvokeSpecial(java.lang.Object, java.lang.Object, java.lang.Object, java.lang.Object, java.lang.Object, int, java.lang.Object)'> (0x0000000719f6d098) 
thrown [s\src\hotspot\share\interpreter\linkResolver.cpp, line 784]
Event: 30.065 Thread 0x000001fadf999820 Exception <a 'java/lang/NoSuchMethodError'{0x0000000719f712f8}: 'java.lang.Object java.lang.invoke.DirectMethodHandle$Holder.invokeSpecial(java.lang.Object, java.lang.Object, java.lang.Object, java.lang.Object, java.lang.Object, java.lang.Object, int, java.lang.Object)'> (0x0000000719f712f8) 
thrown [s\src\hotspot\share\interpreter\linkResolver.cpp, line 784]
Event: 30.066 Thread 0x000001fadf999820 Exception <a 'java/lang/NoSuchMethodError'{0x0000000719f74a68}: 'java.lang.Object java.lang.invoke.Invokers$Holder.linkToTargetMethod(java.lang.Object, java.lang.Object, java.lang.Object, java.lang.Object, int, java.lang.Object, java.lang.Object)'> (0x0000000719f74a68) 
thrown [s\src\hotspot\share\interpreter\linkResolver.cpp, line 784]
Event: 30.136 Thread 0x000001fadf999820 Exception <a 'java/lang/NoSuchMethodError'{0x0000000719d6a2b8}: 'java.lang.Object java.lang.invoke.DirectMethodHandle$Holder.newInvokeSpecial(java.lang.Object, int, int, java.lang.Object)'> (0x0000000719d6a2b8) 
thrown [s\src\hotspot\share\interpreter\linkResolver.cpp, line 784]
Event: 30.137 Thread 0x000001fadf999820 Exception <a 'java/lang/NoSuchMethodError'{0x0000000719d71510}: 'java.lang.Object java.lang.invoke.Invokers$Holder.linkToTargetMethod(int, int, java.lang.Object, java.lang.Object)'> (0x0000000719d71510) 
thrown [s\src\hotspot\share\interpreter\linkResolver.cpp, line 784]
Event: 30.138 Thread 0x000001fadf999820 Exception <a 'java/lang/NoSuchMethodError'{0x0000000719d7b4c8}: 'java.lang.Object java.lang.invoke.DirectMethodHandle$Holder.invokeStatic(java.lang.Object, java.lang.Object, int, int, java.lang.Object)'> (0x0000000719d7b4c8) 
thrown [s\src\hotspot\share\interpreter\linkResolver.cpp, line 784]

ZGC Phase Switch (0 events):
No events

VM Operations (20 events):
Event: 29.796 Executing VM operation: HandshakeAllThreads (Deoptimize) done
Event: 29.833 Executing VM operation: HandshakeAllThreads (Deoptimize)
Event: 29.833 Executing VM operation: HandshakeAllThreads (Deoptimize) done
Event: 29.913 Executing VM operation: ICBufferFull
Event: 29.913 Executing VM operation: ICBufferFull done
Event: 29.955 Executing VM operation: HandshakeAllThreads (Deoptimize)
Event: 29.955 Executing VM operation: HandshakeAllThreads (Deoptimize) done
Event: 30.011 Executing VM operation: HandshakeAllThreads (Deoptimize)
Event: 30.011 Executing VM operation: HandshakeAllThreads (Deoptimize) done
Event: 30.063 Executing VM operation: HandshakeAllThreads (Deoptimize)
Event: 30.063 Executing VM operation: HandshakeAllThreads (Deoptimize) done
Event: 30.070 Executing VM operation: HandshakeAllThreads (Deoptimize)
Event: 30.070 Executing VM operation: HandshakeAllThreads (Deoptimize) done
Event: 30.116 Executing VM operation: ICBufferFull
Event: 30.116 Executing VM operation: ICBufferFull done
Event: 30.324 Executing VM operation: ICBufferFull
Event: 30.325 Executing VM operation: ICBufferFull done
Event: 30.413 Executing VM operation: G1CollectForAllocation (G1 Evacuation Pause)
Event: 30.428 Executing VM operation: G1CollectForAllocation (G1 Evacuation Pause) done
Event: 30.751 Executing VM operation: G1PauseRemark

Memory protections (0 events):
No events

Nmethod flushes (20 events):
Event: 30.767 Thread 0x000001faf9744bf0 flushing  nmethod 0x000001fae5c6ce10
Event: 30.767 Thread 0x000001faf9744bf0 flushing  nmethod 0x000001fae5c6e990
Event: 30.767 Thread 0x000001faf9744bf0 flushing  nmethod 0x000001fae5c70410
Event: 30.767 Thread 0x000001faf9744bf0 flushing  nmethod 0x000001fae5c70990
Event: 30.767 Thread 0x000001faf9744bf0 flushing  nmethod 0x000001fae5c79e90
Event: 30.767 Thread 0x000001faf9744bf0 flushing  nmethod 0x000001fae5c7cf10
Event: 30.767 Thread 0x000001faf9744bf0 flushing  nmethod 0x000001fae5c7ee10
Event: 30.767 Thread 0x000001faf9744bf0 flushing  nmethod 0x000001fae5d0bb90
Event: 30.767 Thread 0x000001faf9744bf0 flushing  nmethod 0x000001fae5d0e710
Event: 30.767 Thread 0x000001faf9744bf0 flushing  nmethod 0x000001fae5d10e90
Event: 30.767 Thread 0x000001faf9744bf0 flushing  nmethod 0x000001fae5d66a10
Event: 30.767 Thread 0x000001faf9744bf0 flushing  nmethod 0x000001fae5d67590
Event: 30.767 Thread 0x000001faf9744bf0 flushing  nmethod 0x000001fae5d69d10
Event: 30.767 Thread 0x000001faf9744bf0 flushing  nmethod 0x000001fae5d6d210
Event: 30.767 Thread 0x000001faf9744bf0 flushing  nmethod 0x000001fae5e3c710
Event: 30.767 Thread 0x000001faf9744bf0 flushing  nmethod 0x000001fae5e3d190
Event: 30.767 Thread 0x000001faf9744bf0 flushing  nmethod 0x000001fae5e3e990
Event: 30.767 Thread 0x000001faf9744bf0 flushing  nmethod 0x000001fae5e42690
Event: 30.767 Thread 0x000001faf9744bf0 flushing  nmethod 0x000001fae5e47c10
Event: 30.767 Thread 0x000001faf9744bf0 flushing  nmethod 0x000001fae5e4a810

Events (20 events):
Event: 0.171 Thread 0x000001faf97a9550 Thread added: 0x000001faf97bff90
Event: 0.186 Loaded shared library C:\Program Files\Android\Android Studio\jbr\bin\zip.dll
Event: 0.250 Loaded shared library C:\Program Files\Android\Android Studio\jbr\bin\jimage.dll
Event: 0.388 Thread 0x000001faf97bff90 Thread added: 0x000001faf97c0660
Event: 0.593 Loaded shared library C:\Program Files\Android\Android Studio\jbr\bin\management.dll
Event: 0.605 Loaded shared library C:\Program Files\Android\Android Studio\jbr\bin\management_ext.dll
Event: 0.689 Thread 0x000001faf97c0660 Thread exited: 0x000001faf97c0660
Event: 1.121 Thread 0x000001faf97bff90 Thread exited: 0x000001faf97bff90
Event: 1.721 Thread 0x000001faf97a9550 Thread added: 0x000001faf97c0d30
Event: 1.721 Thread 0x000001faf97a9550 Thread added: 0x000001faf97c2f40
Event: 3.004 Thread 0x000001faf97c2f40 Thread exited: 0x000001faf97c2f40
Event: 3.035 Thread 0x000001faf97c0d30 Thread exited: 0x000001faf97c0d30
Event: 3.155 Thread 0x000001faf97c2870 Thread added: 0x000001faf97bff90
Event: 3.157 Thread 0x000001faf97c2870 Thread added: 0x000001faf97c0d30
Event: 13.281 Thread 0x000001faf97c0d30 Thread exited: 0x000001faf97c0d30
Event: 13.315 Thread 0x000001faf97c2870 Thread added: 0x000001fa83b38530
Event: 18.450 Thread 0x000001fa83b38530 Thread exited: 0x000001fa83b38530
Event: 18.452 Thread 0x000001faf97bff90 Thread exited: 0x000001faf97bff90
Event: 18.677 Thread 0x000001faf97c2870 Thread added: 0x000001fa83b38530
Event: 18.875 Thread 0x000001faf97c2870 Thread added: 0x000001faf97bff90


Dynamic libraries:
0x00007ff61a500000 - 0x00007ff61a50a000 	C:\Program Files\Android\Android Studio\jbr\bin\java.exe
0x00007ffc09f80000 - 0x00007ffc0a1e7000 	C:\WINDOWS\SYSTEM32\ntdll.dll
0x00007ffc08b70000 - 0x00007ffc08c39000 	C:\WINDOWS\System32\KERNEL32.DLL
0x00007ffc07470000 - 0x00007ffc07864000 	C:\WINDOWS\System32\KERNELBASE.dll
0x00007ffc079a0000 - 0x00007ffc07aeb000 	C:\WINDOWS\System32\ucrtbase.dll
0x00007ffbf6f20000 - 0x00007ffbf6f3b000 	C:\Program Files\Android\Android Studio\jbr\bin\VCRUNTIME140.dll
0x00007ffbe08f0000 - 0x00007ffbe0908000 	C:\Program Files\Android\Android Studio\jbr\bin\jli.dll
0x00007ffc09d60000 - 0x00007ffc09f25000 	C:\WINDOWS\System32\USER32.dll
0x00007ffc072f0000 - 0x00007ffc07317000 	C:\WINDOWS\System32\win32u.dll
0x00007ffc09bd0000 - 0x00007ffc09bfb000 	C:\WINDOWS\System32\GDI32.dll
0x00007ffbecda0000 - 0x00007ffbed033000 	C:\WINDOWS\WinSxS\amd64_microsoft.windows.common-controls_6595b64144ccf1df_6.0.26100.8115_none_3e075c82e3354f9c\COMCTL32.dll
0x00007ffc07870000 - 0x00007ffc0799b000 	C:\WINDOWS\System32\gdi32full.dll
0x00007ffc09860000 - 0x00007ffc09909000 	C:\WINDOWS\System32\msvcrt.dll
0x00007ffc069d0000 - 0x00007ffc06a73000 	C:\WINDOWS\System32\msvcp_win.dll
0x00007ffc08c40000 - 0x00007ffc08c72000 	C:\WINDOWS\System32\IMM32.DLL
0x00007ffbf6f10000 - 0x00007ffbf6f1c000 	C:\Program Files\Android\Android Studio\jbr\bin\vcruntime140_1.dll
0x00007ffb904f0000 - 0x00007ffb9057d000 	C:\Program Files\Android\Android Studio\jbr\bin\msvcp140.dll
0x00007ffb91ca0000 - 0x00007ffb92936000 	C:\Program Files\Android\Android Studio\jbr\bin\server\jvm.dll
0x00007ffc08aa0000 - 0x00007ffc08b56000 	C:\WINDOWS\System32\ADVAPI32.dll
0x00007ffc094a0000 - 0x00007ffc09547000 	C:\WINDOWS\System32\sechost.dll
0x00007ffc07d10000 - 0x00007ffc07e28000 	C:\WINDOWS\System32\RPCRT4.dll
0x00007ffc08990000 - 0x00007ffc08a10000 	C:\WINDOWS\System32\WS2_32.dll
0x00007ffc066b0000 - 0x00007ffc0670e000 	C:\WINDOWS\SYSTEM32\POWRPROF.dll
0x00007ffbf5c90000 - 0x00007ffbf5c9b000 	C:\WINDOWS\SYSTEM32\VERSION.dll
0x00007ffbfcdb0000 - 0x00007ffbfcde6000 	C:\WINDOWS\SYSTEM32\WINMM.dll
0x00007ffc06690000 - 0x00007ffc066a4000 	C:\WINDOWS\SYSTEM32\UMPDC.dll
0x00007ffc055a0000 - 0x00007ffc055bb000 	C:\WINDOWS\SYSTEM32\kernel.appcore.dll
0x00007ffbf6f00000 - 0x00007ffbf6f0a000 	C:\Program Files\Android\Android Studio\jbr\bin\jimage.dll
0x00007ffc04740000 - 0x00007ffc04982000 	C:\WINDOWS\SYSTEM32\DBGHELP.DLL
0x00007ffc08c80000 - 0x00007ffc09002000 	C:\WINDOWS\System32\combase.dll
0x00007ffc09af0000 - 0x00007ffc09bc8000 	C:\WINDOWS\System32\OLEAUT32.dll
0x00007ffbdf6a0000 - 0x00007ffbdf6db000 	C:\WINDOWS\SYSTEM32\dbgcore.DLL
0x00007ffc07c60000 - 0x00007ffc07d05000 	C:\WINDOWS\System32\bcryptPrimitives.dll
0x00007ffbf6a80000 - 0x00007ffbf6aa0000 	C:\Program Files\Android\Android Studio\jbr\bin\java.dll
0x00007ffbf6a60000 - 0x00007ffbf6a78000 	C:\Program Files\Android\Android Studio\jbr\bin\zip.dll
0x00007ffc07fe0000 - 0x00007ffc08747000 	C:\WINDOWS\System32\SHELL32.dll
0x00007ffc07af0000 - 0x00007ffc07c5a000 	C:\WINDOWS\System32\wintypes.dll
0x00007ffc06a80000 - 0x00007ffc072e8000 	C:\WINDOWS\System32\windows.storage.dll
0x00007ffc07ee0000 - 0x00007ffc07fd8000 	C:\WINDOWS\System32\SHCORE.dll
0x00007ffc097f0000 - 0x00007ffc09856000 	C:\WINDOWS\System32\shlwapi.dll
0x00007ffc06770000 - 0x00007ffc06799000 	C:\WINDOWS\SYSTEM32\profapi.dll
0x00007ffbf6a50000 - 0x00007ffbf6a60000 	C:\Program Files\Android\Android Studio\jbr\bin\net.dll
0x00007ffbf6d30000 - 0x00007ffbf6e5d000 	C:\WINDOWS\SYSTEM32\WINHTTP.dll
0x00007ffc05af0000 - 0x00007ffc05b5c000 	C:\WINDOWS\system32\mswsock.dll
0x00007ffbf6a30000 - 0x00007ffbf6a46000 	C:\Program Files\Android\Android Studio\jbr\bin\nio.dll
0x00007ffbf6700000 - 0x00007ffbf6709000 	C:\Program Files\Android\Android Studio\jbr\bin\management.dll
0x00007ffbf5d00000 - 0x00007ffbf5d0b000 	C:\Program Files\Android\Android Studio\jbr\bin\management_ext.dll
0x00007ffc08b60000 - 0x00007ffc08b68000 	C:\WINDOWS\System32\PSAPI.DLL
0x00007ffbf5810000 - 0x00007ffbf5820000 	C:\Program Files\Android\Android Studio\jbr\bin\verify.dll

JVMTI agents: none

dbghelp: loaded successfully - version: 4.0.5 - missing functions: none
symbol engine: initialized successfully - sym options: 0x614 - pdb path: .;C:\Program Files\Android\Android Studio\jbr\bin;C:\WINDOWS\SYSTEM32;C:\WINDOWS\WinSxS\amd64_microsoft.windows.common-controls_6595b64144ccf1df_6.0.26100.8115_none_3e075c82e3354f9c;C:\Program Files\Android\Android Studio\jbr\bin\server

VM Arguments:
java_command: org.jetbrains.kotlin.cli.jvm.K2JVMCompiler @D:\MAD\home\app\build\20260427_14270021937343557529.compiler.options
java_class_path (initial): C:\Users\areef\.gradle\caches\modules-2\files-2.1\org.jetbrains.kotlin\kotlin-compiler-embeddable\2.2.10\6882d39ef03b18879c1a5d2a83c2212361bed5fe\kotlin-compiler-embeddable-2.2.10.jar;C:\Users\areef\.gradle\caches\modules-2\files-2.1\org.jetbrains.kotlin\kotlin-stdlib\2.2.10\30de6faa127a4a012db8e71bf1b9c0a99b1402b2\kotlin-stdlib-2.2.10.jar;C:\Users\areef\.gradle\caches\modules-2\files-2.1\org.jetbrains.kotlin\kotlin-script-runtime\2.2.10\712f9bc08f378c13a4a00f0bbb28c76e59183e83\kotlin-script-runtime-2.2.10.jar;C:\Users\areef\.gradle\caches\modules-2\files-2.1\org.jetbrains.kotlin\kotlin-reflect\1.6.10\1cbe9c92c12a94eea200d23c2bbaedaf3daf5132\kotlin-reflect-1.6.10.jar;C:\Users\areef\.gradle\caches\modules-2\files-2.1\org.jetbrains.kotlin\kotlin-daemon-embeddable\2.2.10\212fd3c2c6e4e5d0f4db3c4191233e2b622380cc\kotlin-daemon-embeddable-2.2.10.jar;C:\Users\areef\.gradle\caches\modules-2\files-2.1\org.jetbrains.kotlinx\kotlinx-coroutines-core-jvm\1.8.0\ac1dc37a30a93150b704022f8d895ee1bd3a36b3\kotlinx-coroutines-core-jvm-1.8.0.jar;C:\Users\areef\.gradle\caches\modules-2\files-2.1\org.jetbrains\annotations\13.0\919f0dfe192fb4e063e7dacadee7f8bb9a2672a9\annotations-13.0.jar
Launcher Type: SUN_STANDARD

[Global flags]
     intx CICompilerCount                          = 4                                         {product} {ergonomic}
     uint ConcGCThreads                            = 2                                         {product} {ergonomic}
     uint G1ConcRefinementThreads                  = 8                                         {product} {ergonomic}
   size_t G1HeapRegionSize                         = 2097152                                   {product} {ergonomic}
    uintx GCDrainStackTargetSize                   = 64                                        {product} {ergonomic}
   size_t InitialHeapSize                          = 260046848                                 {product} {ergonomic}
   size_t MarkStackSize                            = 4194304                                   {product} {ergonomic}
   size_t MaxHeapSize                              = 4133486592                                {product} {ergonomic}
   size_t MaxNewSize                               = 2478833664                                {product} {ergonomic}
   size_t MinHeapDeltaBytes                        = 2097152                                   {product} {ergonomic}
   size_t MinHeapSize                              = 8388608                                   {product} {ergonomic}
    uintx NonNMethodCodeHeapSize                   = 5839372                                {pd product} {ergonomic}
    uintx NonProfiledCodeHeapSize                  = 122909434                              {pd product} {ergonomic}
     bool PerfDisableSharedMem                     = true                                      {product} {ergonomic}
    uintx ProfiledCodeHeapSize                     = 122909434                              {pd product} {ergonomic}
    uintx ReservedCodeCacheSize                    = 251658240                              {pd product} {ergonomic}
     bool SegmentedCodeCache                       = true                                      {product} {ergonomic}
   size_t SoftMaxHeapSize                          = 4133486592                             {manageable} {ergonomic}
     bool UseCompressedOops                        = true                           {product lp64_product} {ergonomic}
     bool UseG1GC                                  = true                                      {product} {ergonomic}
     bool UseLargePagesIndividualAllocation        = false                                  {pd product} {ergonomic}

Logging:
Log output configuration:
 #0: stdout all=warning uptime,level,tags foldmultilines=false
 #1: stderr all=off uptime,level,tags foldmultilines=false

Environment Variables:
PATH=C:\Program Files\Common Files\Oracle\Java\javapath;C:\WINDOWS\system32;C:\WINDOWS;C:\WINDOWS\System32\Wbem;C:\WINDOWS\System32\WindowsPowerShell\v1.0\;C:\WINDOWS\System32\OpenSSH\;C:\Program Files\Java\jdk-24\bin;C:\Program Files\nodejs;C:\Program Files\Git\cmd;C:\Program Files\Git\bin;C:\Program Files\nodejs\;C:\Program Files\nodejs\node_modules\npm\bin;C:\ProgramData\ComposerSetup\bin;C:\Users\areef\AppData\Local\Python\bin;D:\xampp\php;C:\Users\areef\.local\bin;C:\Users\areef\AppData\Local\Microsoft\WindowsApps;C:\Users\areef\AppData\Local\Programs\Microsoft VS Code\bin;C:\Users\areef\AppData\Roaming\npm;C:\xampp\php;C:\Users\areef\AppData\Roaming\Composer\vendor\bin;C:\Users\areef\AppData\Local\Python\bin
USERNAME=areef
OS=Windows_NT
PROCESSOR_IDENTIFIER=Intel64 Family 6 Model 140 Stepping 1, GenuineIntel
TMP=C:\Users\areef\AppData\Local\Temp
TEMP=C:\Users\areef\AppData\Local\Temp




Periodic native trim disabled

JNI global refs:
JNI global refs: 14, weak refs: 6

JNI global refs memory usage: 835, weak refs: 833

Process memory usage:
Resident Set Size: 671812K (4% of 16139652K total physical memory with 1825824K free physical memory)

OOME stack traces (most recent first):
Classloader memory used:
Loader jdk.internal.loader.ClassLoaders$AppClassLoader                                 : 76310K
Loader bootstrap                                                                       : 12495K
Loader java.net.URLClassLoader                                                         : 2470K
Loader jdk.internal.jrtfs.JrtFileSystemProvider$JrtFsLoader                            : 324K
Loader jdk.internal.loader.ClassLoaders$PlatformClassLoader                            : 67880B

Classes loaded by more than one classloader:
Class jdk.internal.jimage.BasicImageReader                                            : loaded 2 times (x 95B)
Class jdk.internal.jimage.decompressor.StringSharingDecompressorFactory               : loaded 2 times (x 74B)
Class jdk.internal.jrtfs.JrtFileSystemProvider                                        : loaded 2 times (x 101B)
Class jdk.internal.jimage.ImageLocation                                               : loaded 2 times (x 90B)
Class jdk.internal.jimage.ImageBufferCache$1                                          : loaded 2 times (x 83B)
Class jdk.internal.jimage.ImageBufferCache$2                                          : loaded 2 times (x 91B)
Class jdk.internal.jimage.ImageHeader                                                 : loaded 2 times (x 71B)
Class jdk.internal.jimage.decompressor.ResourceDecompressor                           : loaded 2 times (x 70B)
Class jdk.internal.jimage.ImageStringsReader                                          : loaded 2 times (x 80B)
Class jdk.internal.jimage.ImageReader                                                 : loaded 2 times (x 75B)
Class jdk.internal.jimage.ImageReader$SharedImageReader                               : loaded 2 times (x 95B)
Class jdk.internal.jimage.decompressor.ResourceDecompressorFactory                    : loaded 2 times (x 74B)
Class jdk.internal.jimage.ImageReader$Node                                            : loaded 2 times (x 84B)
Class jdk.internal.jimage.BasicImageReader$1                                          : loaded 2 times (x 77B)
Class jdk.internal.jimage.decompressor.Decompressor                                   : loaded 2 times (x 72B)
Class jdk.internal.jimage.ImageBufferCache                                            : loaded 2 times (x 71B)
Class jdk.internal.jrtfs.JrtPath                                                      : loaded 2 times (x 118B)
Class jdk.internal.jimage.decompressor.ResourceDecompressorRepository                 : loaded 2 times (x 71B)
Class jdk.internal.jimage.ImageReader$Directory                                       : loaded 2 times (x 84B)
Class jdk.internal.jimage.decompressor.ZipDecompressorFactory                         : loaded 2 times (x 74B)
Class jdk.internal.jimage.decompressor.ZipDecompressor                                : loaded 2 times (x 75B)
Class jdk.internal.jimage.ImageStrings                                                : loaded 2 times (x 70B)
Class jdk.internal.jrtfs.JrtFileSystem                                                : loaded 2 times (x 102B)
Class jdk.internal.jimage.decompressor.CompressedResourceHeader                       : loaded 2 times (x 71B)
Class jdk.internal.jimage.decompressor.ResourceDecompressor$StringsProvider           : loaded 2 times (x 70B)

---------------  S Y S T E M  ---------------

OS:
 Windows 11 , 64 bit Build 26100 (10.0.26100.8246)
OS uptime: 0 days 2:33 hours
Hyper-V role detected

CPU: total 8 (initial active 8) (4 cores per cpu, 2 threads per core) family 6 model 140 stepping 1 microcode 0xbe, cx8, cmov, fxsr, ht, mmx, 3dnowpref, sse, sse2, sse3, ssse3, sse4.1, sse4.2, popcnt, lzcnt, tsc, tscinvbit, avx, avx2, aes, erms, clmul, bmi1, bmi2, adx, avx512f, avx512dq, avx512cd, avx512bw, avx512vl, sha, fma, vzeroupper, avx512_vpopcntdq, avx512_vpclmulqdq, avx512_vaes, avx512_vnni, clflush, clflushopt, clwb, avx512_vbmi2, avx512_vbmi, hv, rdtscp, rdpid, fsrm, gfni, avx512_bitalg, f16c, cet_ibt, cet_ss, avx512_ifma
Processor Information for the first 8 processors :
  Max Mhz: 1805, Current Mhz: 1805, Mhz Limit: 1805

Memory: 4k page, system-wide physical 15761M (1782M free)
TotalPageFile size 17080M (AvailPageFile size 33M)
current process WorkingSet (physical memory assigned to process): 656M, peak: 681M
current process commit charge ("private bytes"): 686M, peak: 717M

vm_info: OpenJDK 64-Bit Server VM (21.0.8+-14196175-b1038.72) for windows-amd64 JRE (21.0.8+-14196175-b1038.72), built on 2025-10-01T10:24:33Z by "builder" with MS VC++ 16.10 / 16.11 (VS2019)

END.
